[10153:775:0821/100754.836741:WARNING:CONSOLE(0)] "A cookie associated with a cross-site resource at http://google.com/ was set without the `SameSite` attribute. A future release of Chrome will only deliver cookies with cross-site requests if they are set with `SameSite=None` and `Secure`. You can review cookies in developer tools under Application>Storage>Cookies and see more details at https://www.chromestatus.com/feature/5088147346030592 and https://www.chromestatus.com/feature/5633521622188032.", source: chrome-search://local-ntp/local-ntp.html (0)
[10153:775:0821/100757.208624:INFO:CONSOLE(50)] "### - Prebid is off", source: https://www.investing.com/indices/kospi-historical-data (50)
[10153:775:0821/100757.502267:INFO:CONSOLE(0)] "A cookie associated with a cross-site resource at http://google.com/ was set without the `SameSite` attribute. A future release of Chrome will only deliver cookies with cross-site requests if they are set with `SameSite=None` and `Secure`. You can review cookies in developer tools under Application>Storage>Cookies and see more details at https://www.chromestatus.com/feature/5088147346030592 and https://www.chromestatus.com/feature/5633521622188032.", source: https://www.investing.com/indices/kospi-historical-data (0)
[10153:775:0821/100758.475037:INFO:CONSOLE(1)] "slot div-gpt-ad-1478019486943-0", source: https://i-invdn-com.akamaized.net/js/n/toolset-1.17.min.js (1)
[10153:775:0821/100758.475248:INFO:CONSOLE(1)] "collapseDiv undefined", source: https://i-invdn-com.akamaized.net/js/n/toolset-1.17.min.js (1)
[10153:775:0821/100758.478443:INFO:CONSOLE(1)] "slot div-gpt-ad-1441189641022-6", source: https://i-invdn-com.akamaized.net/js/n/toolset-1.17.min.js (1)
[10153:775:0821/100758.478700:INFO:CONSOLE(1)] "collapseDiv true", source: https://i-invdn-com.akamaized.net/js/n/toolset-1.17.min.js (1)
[10153:775:0821/100758.479923:INFO:CONSOLE(1)] "slot div-gpt-ad-1370187203350-sb1", source: https://i-invdn-com.akamaized.net/js/n/toolset-1.17.min.js (1)
[10153:775:0821/100758.480066:INFO:CONSOLE(1)] "collapseDiv undefined", source: https://i-invdn-com.akamaized.net/js/n/toolset-1.17.min.js (1)
[10153:775:0821/100758.480431:INFO:CONSOLE(1)] "slot div-gpt-ad-1370187203350-sb2", source: https://i-invdn-com.akamaized.net/js/n/toolset-1.17.min.js (1)
[10153:775:0821/100758.480577:INFO:CONSOLE(1)] "collapseDiv undefined", source: https://i-invdn-com.akamaized.net/js/n/toolset-1.17.min.js (1)
[10153:775:0821/100758.481004:INFO:CONSOLE(1)] "slot div-gpt-ad-1545734588042-0", source: https://i-invdn-com.akamaized.net/js/n/toolset-1.17.min.js (1)
[10153:775:0821/100758.481174:INFO:CONSOLE(1)] "collapseDiv true,true", source: https://i-invdn-com.akamaized.net/js/n/toolset-1.17.min.js (1)
[10153:775:0821/100758.481665:INFO:CONSOLE(1)] "slot div-gpt-ad-1587967538923-0", source: https://i-invdn-com.akamaized.net/js/n/toolset-1.17.min.js (1)
[10153:775:0821/100758.481849:INFO:CONSOLE(1)] "collapseDiv true,true", source: https://i-invdn-com.akamaized.net/js/n/toolset-1.17.min.js (1)
[10153:775:0821/100758.482609:INFO:CONSOLE(1)] "slot div-gpt-ad-1531124357521-0", source: https://i-invdn-com.akamaized.net/js/n/toolset-1.17.min.js (1)
[10153:775:0821/100758.482716:INFO:CONSOLE(1)] "collapseDiv true", source: https://i-invdn-com.akamaized.net/js/n/toolset-1.17.min.js (1)
[10153:775:0821/100758.483263:INFO:CONSOLE(1)] "slot div-gpt-ad-1541684394813-0", source: https://i-invdn-com.akamaized.net/js/n/toolset-1.17.min.js (1)
[10153:775:0821/100758.483455:INFO:CONSOLE(1)] "collapseDiv true,true", source: https://i-invdn-com.akamaized.net/js/n/toolset-1.17.min.js (1)
[10153:775:0821/100758.483946:INFO:CONSOLE(1)] "slot div-gpt-ad-1589439035225-0", source: https://i-invdn-com.akamaized.net/js/n/toolset-1.17.min.js (1)
[10153:775:0821/100758.484104:INFO:CONSOLE(1)] "collapseDiv true,true", source: https://i-invdn-com.akamaized.net/js/n/toolset-1.17.min.js (1)
[10153:775:0821/100759.696802:INFO:CONSOLE(8)] "arr1 empty", source: https://i-invdn-com.akamaized.net/js/main-1.17.260.min.js (8)
[10153:775:0821/100759.697103:INFO:CONSOLE(8)] "arr1 empty", source: https://i-invdn-com.akamaized.net/js/main-1.17.260.min.js (8)
[10153:775:0821/100759.697195:INFO:CONSOLE(8)] "arr1 empty", source: https://i-invdn-com.akamaized.net/js/main-1.17.260.min.js (8)
[10153:775:0821/100759.834850:INFO:CONSOLE(7744)] "server jp b1 web2.forexpros.com", source: https://www.investing.com/indices/kospi-historical-data (7744)
[10153:775:0821/100800.367177:INFO:CONSOLE(119)] "https://adclick.g.doubleclick.net/pcs/click?xai=AKAOjsu7OLJB5gliiAIn93sXmxD3ErSiCESIrq9OHzOJOFu6WRtEK_Bgu840IrtQ02NHWQcG1svoZksqHC8mv0om9-8KtbHhfmctWSx0EuSszG2nq-dWFprXpJ5qb4KBKv7dbjSGDUvObaXpusUqG1JjZIGRkdUmdaG9oC3O0w_JN4u3hWqfYHMcMQ4qqLjasskSfxPeVFYJUQWEUpdpLY7kdIOJoh-E1fl0QiPNd518Ep_ofaNjVfbBGt1-PHNS5jJlG-t5zf27aD2VpLUDHvDD5Fuxm7rqW1rB&sai=AMfl-YQKZJF2PJA_bEsRxoX1usgztn9nHNCH3_axtdkTp3JjD27D4WQeo_cZ_Qv7etQiqLilufL5DPJIPzCEEbMcHy4cdf2oygR0GddSSAdnTkxKt73rP5tBXbxIIEr6t098&sig=Cg0ArKJSzI8vypVoa1u9EAE&urlfix=1&adurl=https://go.currency.com/visit/?bta=35442&nci=5689&afp=ENSE_Capital_TradeNowW6_Fluid_NBS3_OA_DFP__2toncdd8mbocjcukthmmlnqudt", source: https://tpc.googlesyndication.com/safeframe/1-0-37/html/container.html (119)
[10153:775:0821/100800.469849:INFO:CONSOLE(422)] "Powered by AMP ⚡ HTML – Version 2008102328000 https://www.investing.com/indices/kospi-historical-data", source: https://cdn.ampproject.org/rtv/012008102328000/amp4ads-v0.js (422)
[10153:775:0821/100800.500820:INFO:CONSOLE(422)] "Powered by AMP ⚡ HTML – Version 2008102328000 https://www.investing.com/indices/kospi-historical-data", source: https://cdn.ampproject.org/rtv/012008102328000/amp4ads-v0.js (422)
[10153:775:0821/100800.602158:INFO:CONSOLE(2)] "Opening transport: websocket  url:https://stream174.forexpros.com:443/echo/352/9add7eaa  RTO:2286", source: https://i-invdn-com.akamaized.net/js/main-1.17.260.min.js (2)
[10153:775:0821/100801.313543:INFO:CONSOLE(8)] "Subscribed socket to:  pid-37426:,pid-8873:,pid-8839:,pid-169:,pid-166:,pid-14958:,pid-44336:,pid-8827:,pid-1:,pid-2:,pid-3:,pid-5:,pid-7:,pid-9:,pid-10:,pidTechSumm-1:,pidTechSumm-2:,pidTechSumm-3:,pidTechSumm-5:,pidTechSumm-7:,pidTechSumm-9:,pidTechSumm-10:,pidExt-37426:,isOpenExch-60:,isOpenExch-1:,isOpenExch-2:,isOpenPair-8873:,isOpenPair-8839:,isOpenPair-44336:,isOpenPair-8827:,cmt-1-5-37426:,domain-1:", source: https://i-invdn-com.akamaized.net/js/main-1.17.260.min.js (8)
[10153:775:0821/100801.314573:INFO:CONSOLE(8)] "sendUID-0", source: https://i-invdn-com.akamaized.net/js/main-1.17.260.min.js (8)
[10153:775:0821/100801.487724:INFO:CONSOLE(257)] "Language: EN", source: https://s0.2mdn.net/ads/richmedia/studio/pv2/61466896/20200709094626491/main.js (257)
[10153:775:0821/100801.487797:INFO:CONSOLE(272)] "Set Open Sans Font", source: https://s0.2mdn.net/ads/richmedia/studio/pv2/61466896/20200709094626491/main.js (272)
[10153:775:0821/100801.488018:INFO:CONSOLE(369)] "findPercenatage:  - 76%", source: https://s0.2mdn.net/ads/richmedia/studio/pv2/61466896/20200709094626491/main.js (369)
[10153:775:0821/100801.488072:INFO:CONSOLE(369)] "findPercenatage: <div style="line-height:13px;"><b>*percent* av alla icke-professionella kunder förlorar pengar på CFD-handel hos den här leverantören.</b><br>Du bör tänka efter om du förstår hur CFD-kontrakt fungerar och om du har råd med den stora risken för att förlora dina pengar.</div> - 76%", source: https://s0.2mdn.net/ads/richmedia/studio/pv2/61466896/20200709094626491/main.js (369)
[10153:775:0821/100801.488320:INFO:CONSOLE(369)] "findPercenatage: <div style="line-height:13px;"><b>76% av alla icke-professionella kunder förlorar pengar på CFD-handel hos den här leverantören.</b><br>Du bör tänka efter om du förstår hur CFD-kontrakt fungerar och om du har råd med den stora risken för att förlora dina pengar.</div> - 76%", source: https://s0.2mdn.net/ads/richmedia/studio/pv2/61466896/20200709094626491/main.js (369)
[10153:775:0821/100801.488375:INFO:CONSOLE(369)] "findPercenatage:  - 76%", source: https://s0.2mdn.net/ads/richmedia/studio/pv2/61466896/20200709094626491/main.js (369)
[10153:775:0821/100801.635366:INFO:CONSOLE(6)] "onLoad", source: https://i-invdn-com.akamaized.net/js/jscharts-8.1.15.min.js (6)
[10153:775:0821/100801.863749:INFO:CONSOLE(0)] "[Report Only] Refused to load media from 'blob:https://www.investing.com/f0d94d75-5028-4bc1-b131-4aa309f00597' because it violates the following Content Security Policy directive: "default-src https: data: wss: 'unsafe-inline' 'unsafe-eval'". Note that 'media-src' was not explicitly set, so 'default-src' is used as a fallback.
", source: https://www.investing.com/indices/kospi-historical-data (0)
[10153:775:0821/100802.762138:INFO:CONSOLE(0)] "A cookie associated with a cross-site resource at http://csync.loopme.me/ was set without the `SameSite` attribute. A future release of Chrome will only deliver cookies with cross-site requests if they are set with `SameSite=None` and `Secure`. You can review cookies in developer tools under Application>Storage>Cookies and see more details at https://www.chromestatus.com/feature/5088147346030592 and https://www.chromestatus.com/feature/5633521622188032.", source: https://www.investing.com/indices/kospi-historical-data (0)
[10153:775:0821/100803.048523:INFO:CONSOLE(1)] "[Report Only] Refused to create a worker from 'blob:https://www.investing.com/864bc879-159d-4514-91a3-d4f552d3b7b2' because it violates the following Content Security Policy directive: "default-src https: data: wss: 'unsafe-inline' 'unsafe-eval'". Note that 'worker-src' was not explicitly set, so 'default-src' is used as a fallback.
", source: https://live.sekindo.com/content/video/hls/hls.0.12.4_1.min.js (1)
[10153:775:0821/100803.056370:INFO:CONSOLE(0)] "[Report Only] Refused to create a worker from 'blob:https://www.investing.com/864bc879-159d-4514-91a3-d4f552d3b7b2' because it violates the following Content Security Policy directive: "default-src https: data: wss: 'unsafe-inline' 'unsafe-eval'". Note that 'worker-src' was not explicitly set, so 'default-src' is used as a fallback.
", source: https://www.investing.com/indices/kospi-historical-data (0)
[10153:775:0821/100804.489746:INFO:CONSOLE(369)] "findPercenatage: <div style="line-height:13px;"><b>76% av alla icke-professionella kunder förlorar pengar på CFD-handel hos den här leverantören.</b><br>Du bör tänka efter om du förstår hur CFD-kontrakt fungerar och om du har råd med den stora risken för att förlora dina pengar.</div> - 76%", source: https://s0.2mdn.net/ads/richmedia/studio/pv2/61466896/20200709094626491/main.js (369)
[10153:775:0821/100804.489913:INFO:CONSOLE(369)] "findPercenatage:  - 76%", source: https://s0.2mdn.net/ads/richmedia/studio/pv2/61466896/20200709094626491/main.js (369)
[10153:775:0821/100804.490637:INFO:CONSOLE(275)] "updated position", source: https://s0.2mdn.net/ads/richmedia/studio/pv2/61466896/20200709094626491/main.js (275)
[10153:775:0821/100806.998537:INFO:CONSOLE(0)] "A cookie associated with a cross-site resource at http://yahoo.com/ was set without the `SameSite` attribute. A future release of Chrome will only deliver cookies with cross-site requests if they are set with `SameSite=None` and `Secure`. You can review cookies in developer tools under Application>Storage>Cookies and see more details at https://www.chromestatus.com/feature/5088147346030592 and https://www.chromestatus.com/feature/5633521622188032.", source: https://www.investing.com/indices/kospi-historical-data (0)
[10153:775:0821/100806.998659:INFO:CONSOLE(0)] "A cookie associated with a cross-site resource at https://yahoo.com/ was set without the `SameSite` attribute. A future release of Chrome will only deliver cookies with cross-site requests if they are set with `SameSite=None` and `Secure`. You can review cookies in developer tools under Application>Storage>Cookies and see more details at https://www.chromestatus.com/feature/5088147346030592 and https://www.chromestatus.com/feature/5633521622188032.", source: https://www.investing.com/indices/kospi-historical-data (0)
